C51 COMPILER V9.60.7.0   MAIN                                                              09/22/2024 17:03:49 PAGE 1   


C51 COMPILER V9.60.7.0, COMPILATION OF MODULE MAIN
OBJECT MODULE PLACED IN .\Objects\main.obj
COMPILER INVOKED BY: C:\Program Files (x86)\Keil_v5\C51\BIN\C51.EXE main.c OPTIMIZE(8,SPEED) BROWSE DEBUG OBJECTEXTEND P
                    -RINT(.\Listings\main.lst) TABS(2) OBJECT(.\Objects\main.obj)

line level    source

   1          #include <reg51.h>
   2          #include <intrins.h>
   3          
   4          #include "../digital/digital.h"
   5          
   6          sbit BoomKey = P3^2;
   7          sbit Beep = P3^7;
   8          
   9          void Boom();
  10          void Delay50us(void);
  11          void Delay80ms(void);
  12          
  13          void main()
  14          {
  15   1        while(1)
  16   1        {
  17   2          if(BoomKey == 0)
  18   2          {
  19   3            Delay80ms();
  20   3            if(BoomKey == 0)
  21   3              Boom();
  22   3          }
  23   2        }
  24   1      }
  25          
  26          void Boom()
  27          {
  28   1        unsigned char i, j, k, l;
  29   1        for(i=10; i>0; i--)
  30   1        {
  31   2          display(4, i);
  32   2          for(j=0; j<4; j++)
  33   2          {
  34   3            for(k=0; k<50; k++)
  35   3            {
  36   4              Beep = ! Beep;
  37   4              for(l=0; l<50; l++) 
  38   4              {
  39   5                Delay50us();
  40   5              }
  41   4            }
  42   3            for(k=0; k<100; k++)
  43   3            {
  44   4              Delay50us();
  45   4            }
  46   3          }
  47   2          for(j=0; j<200; j++)
  48   2          {
  49   3            Delay50us();
  50   3          }
  51   2        }
  52   1      }
  53          
  54          void Delay80ms(void)  //@11.0592MHz
C51 COMPILER V9.60.7.0   MAIN                                                              09/22/2024 17:03:49 PAGE 2   

  55          {
  56   1        unsigned char data i, j;
  57   1      
  58   1        i = 144;
  59   1        j = 109;
  60   1        do
  61   1        {
  62   2          while (--j);
  63   2        } while (--i);
  64   1      }
  65          
  66          void Delay50us(void)  //@11.0592MHz
  67          {
  68   1        unsigned char data i;
  69   1      
  70   1        _nop_();
  71   1        i = 20;
  72   1        while (--i);
  73   1      }


MODULE INFORMATION:   STATIC OVERLAYABLE
   CODE SIZE        =    160    ----
   CONSTANT SIZE    =     22    ----
   XDATA SIZE       =   ----    ----
   PDATA SIZE       =   ----    ----
   DATA SIZE        =   ----       4
   IDATA SIZE       =   ----    ----
   BIT SIZE         =   ----    ----
END OF MODULE INFORMATION.


C51 COMPILATION COMPLETE.  0 WARNING(S),  0 ERROR(S)
