C51 COMPILER V9.60.7.0   MAIN                                                              09/21/2024 19:18:24 PAGE 1   


C51 COMPILER V9.60.7.0, COMPILATION OF MODULE MAIN
OBJECT MODULE PLACED IN .\Objects\main.obj
COMPILER INVOKED BY: C:\Program Files (x86)\Keil_v5\C51\BIN\C51.EXE main.c OPTIMIZE(8,SPEED) BROWSE DEBUG OBJECTEXTEND P
                    -RINT(.\Listings\main.lst) TABS(2) OBJECT(.\Objects\main.obj)

line level    source

   1          #include <reg51.h>
   2          #include <intrins.h>
   3          
   4          sbit Beep = P3^7;
   5          
   6          void beep();
   7          void Delay50us(void);
   8          
   9          void main()
  10          {
  11   1        unsigned char i, j;
  12   1        beep();
  13   1        for(i=0; i<100; i++) for(j=0; j<25; j++) Delay50us();
  14   1        beep();
  15   1        for(i=0; i<100; i++) for(j=0; j<25; j++) Delay50us();
  16   1        beep();
  17   1        for(i=0; i<100; i++) for(j=0; j<25; j++) Delay50us();
  18   1        beep();
  19   1        for(i=0; i<100; i++) for(j=0; j<25; j++) Delay50us();
  20   1        while(1);
  21   1      }
  22          
  23          void beep()
  24          {
  25   1        unsigned char i, j, k;
  26   1        for(j=0; j<40; j++)
  27   1        {
  28   2          Beep = !Beep;
  29   2          for(k=0; k<20; k++) 
  30   2          {
  31   3            Delay50us();
  32   3          }
  33   2        }
  34   1      }
*** WARNING C280 IN LINE 25 OF main.c: 'i': unreferenced local variable
  35          
  36          void Delay50us(void)  //ÑÓÊ±100us@11.0592MHz
  37          {
  38   1        unsigned char data i;
  39   1      
  40   1        _nop_();
  41   1        i = 20;
  42   1        while (--i);
  43   1      }


MODULE INFORMATION:   STATIC OVERLAYABLE
   CODE SIZE        =    158    ----
   CONSTANT SIZE    =   ----    ----
   XDATA SIZE       =   ----    ----
   PDATA SIZE       =   ----    ----
   DATA SIZE        =   ----       5
   IDATA SIZE       =   ----    ----
   BIT SIZE         =   ----    ----
C51 COMPILER V9.60.7.0   MAIN                                                              09/21/2024 19:18:24 PAGE 2   

END OF MODULE INFORMATION.


C51 COMPILATION COMPLETE.  1 WARNING(S),  0 ERROR(S)
