C51 COMPILER V9.60.7.0   MAIN                                                              12/16/2024 19:47:19 PAGE 1   


C51 COMPILER V9.60.7.0, COMPILATION OF MODULE MAIN
OBJECT MODULE PLACED IN .\Objects\main.obj
COMPILER INVOKED BY: C:\Program Files (x86)\Keil_v5\C51\BIN\C51.EXE main.c OPTIMIZE(8,SPEED) BROWSE DEBUG OBJECTEXTEND P
                    -RINT(.\Listings\main.lst) TABS(2) OBJECT(.\Objects\main.obj)

line level    source

   1          #include <REG51.H>
   2          #define uchar unsigned char
   3          sbit beepIO=P3^7;
   4          uchar m,n; 
   5          uchar code T[49][2]={{0,0},
   6          {0xF8,0x8B},{0xF8,0xF2},{0xF9,0x5B},{0xF9,0xB7},{0xFA,0x14},{0xFA,0x66},{0xFA,0xB9},{0xFB,0x03},{0xFB,0x4A
             -},{0xFB,0x8F},{0xFB,0xCF},{0xFC,0x0B},
   7          {0xFC,0x43},{0xFC,0x78},{0xFC,0xAB},{0xFC,0xDB},{0xFD,0x08},{0xFD,0x33},{0xFD,0x5B},{0xFD,0x81},{0xFD,0xA5
             -},{0xFD,0xC7},{0xFD,0xE7},{0xFE,0x05},
   8          {0xFE,0x21},{0xFE,0x3C},{0xFE,0x55},{0xFE,0x6D},{0xFE,0x84},{0xFE,0x99},{0xFE,0xAD},{0xFE,0xC0},{0xFE,0x02
             -},{0xFE,0xE3},{0xFE,0xF3},{0xFF,0x02},
   9          {0xFF,0x10},{0xFF,0x1D},{0xFF,0x2A},{0xFF,0x36},{0xFF,0x42},{0xFF,0x4C},{0xFF,0x56},{0xFF,0x60},{0xFF,0x69
             -},{0xFF,0x71},{0xFF,0x79},{0xFF,0x81}
  10          };
  11          uchar code music[][2]={{0,4},
  12          {17,8},{17,8},{17,8},{13,8},{17,4},{18,8},{17,12},{18,4},{17,4},{15,4},{15,12},{22,8},{15,4},{15,12},{0,8}
             -,{0,8},{0,8},{20,8},{20,8},{20,8},{15,8},{20,4},{22,4},{20,4},{20,8},{20,4},{22,4},{20,4},{18,4},{18,8},{18,4},{20,4},{1
             -8,8},{17,12},{0,8},{0,8},{0,8},{17,8},{17,8},{17,8},{13,8},{17,4},{18,8},{17,8},{17,4},{18,4},{17,4},{15,4},{15,8},{15,4
             -},{22,8},{15,4},{15,12},{0,8},{0,8},{0,8},{20,8},{20,8},{20,8},{15,8},{20,4},{22,4},{20,4},{20,8},{20,4},{22,4},{24,4},{
             -25,4},{25,12},{24,4},{24,8},{25,20},{0,4},
  13          {0xFF,0xFF}};
  14          
  15          void delay(uchar p)
  16          {
  17   1        uchar i,j; 
  18   1        for(;p>0;p--)
  19   1        for(i=181;i>0;i--)
  20   1        for(j=181;j>0;j--);
  21   1      }
  22          
  23          void pause()
  24          {
  25   1        uchar i,j;
  26   1        for(i=150;i>0;i--)
  27   1        for(j=150;j>0;j--);
  28   1      }
  29          
  30          void T1_int() interrupt 3
  31          {
  32   1        beepIO=!beepIO;
  33   1        TH1=T[m][0]; TL1=T[m][1];
  34   1      }
  35          
  36          void playmusic()
  37          {
  38   1        uchar i=0; 
  39   1        TMOD&=0x0F;  TMOD|=0x10;  EA=1; ET1=1; 
  40   1        m=music[i][0];n=music[i][1]/2; 
  41   1        if(m==0x00)
  42   1        {
  43   2          TR1=0;
  44   2          delay(n);
  45   2          i++;
  46   2        } 
C51 COMPILER V9.60.7.0   MAIN                                                              12/16/2024 19:47:19 PAGE 2   

  47   1        else if(m==0xFF)
  48   1        {
  49   2          TR1=0;
  50   2          delay(30);
  51   2          return;
  52   2        } 
  53   1        else if(m==music[i+1][0]) 
  54   1        {
  55   2          TR1=1;
  56   2          delay(n);
  57   2          TR1=0;
  58   2          pause();
  59   2          i++;
  60   2        }
  61   1        else
  62   1        {
  63   2          TR1=1;
  64   2          delay(n);
  65   2          i++;
  66   2        }
  67   1      }
  68          
  69          void main()
  70          {
  71   1        playmusic();
  72   1        while(1);
  73   1      }


MODULE INFORMATION:   STATIC OVERLAYABLE
   CODE SIZE        =    186    ----
   CONSTANT SIZE    =    248    ----
   XDATA SIZE       =   ----    ----
   PDATA SIZE       =   ----    ----
   DATA SIZE        =      2    ----
   IDATA SIZE       =   ----    ----
   BIT SIZE         =   ----    ----
END OF MODULE INFORMATION.


C51 COMPILATION COMPLETE.  0 WARNING(S),  0 ERROR(S)
