Removed Pin From Net: NetName=DOT Pin=U1-32
Removed Pin From Net: NetName=G Pin=U1-33
Removed Pin From Net: NetName=F Pin=U1-34
Removed Pin From Net: NetName=E Pin=U1-35
Removed Pin From Net: NetName=D Pin=U1-36
Removed Pin From Net: NetName=C Pin=U1-37
Removed Pin From Net: NetName=B Pin=U1-38
Removed Pin From Net: NetName=A Pin=U1-39
Change Component Designator: OldDesignator=U2 NewDesignator=U3
Change Component Designator: OldDesignator=U3 NewDesignator=U4
Added Component: Designator=RP1(A09R)
Added Component: Designator=RP2(A09R)
Added Component: Designator=U2(SOP20)
Change Net Name : Old Net Name=A New Net Name=B0
Change Net Name : Old Net Name=B New Net Name=B1
Change Net Name : Old Net Name=C New Net Name=B2
Change Net Name : Old Net Name=D New Net Name=B3
Change Net Name : Old Net Name=DOT New Net Name=B7
Change Net Name : Old Net Name=E New Net Name=B4
Change Net Name : Old Net Name=F New Net Name=B5
Change Net Name : Old Net Name=G New Net Name=B6
Change Net Name : Old Net Name=NetU2_2 New Net Name=NetU3_2
Change Net Name : Old Net Name=NetU2_3 New Net Name=NetU3_3
Added Pin To Net: NetName=A0 Pin=U1-39
Added Pin To Net: NetName=A0 Pin=U2-2
Added Net: Name=A0
Added Pin To Net: NetName=A1 Pin=U1-38
Added Pin To Net: NetName=A1 Pin=U2-3
Added Net: Name=A1
Added Pin To Net: NetName=A2 Pin=U1-37
Added Pin To Net: NetName=A2 Pin=U2-4
Added Net: Name=A2
Added Pin To Net: NetName=A3 Pin=U1-36
Added Pin To Net: NetName=A3 Pin=U2-5
Added Net: Name=A3
Added Pin To Net: NetName=A4 Pin=U1-35
Added Pin To Net: NetName=A4 Pin=U2-6
Added Net: Name=A4
Added Pin To Net: NetName=A5 Pin=U1-34
Added Pin To Net: NetName=A5 Pin=U2-7
Added Net: Name=A5
Added Pin To Net: NetName=A6 Pin=U1-33
Added Pin To Net: NetName=A6 Pin=U2-8
Added Net: Name=A6
Added Pin To Net: NetName=A7 Pin=U1-32
Added Pin To Net: NetName=A7 Pin=U2-9
Added Net: Name=A7
