Added Component: Designator=BT1(Battery_18650)
Added Component: Designator=BT3(Battery_CR2032)
Added Component: Designator=BZ(Beep)
Added Component: Designator=C1(RAD-0.1)
Added Component: Designator=C2(RAD-0.1)
Added Component: Designator=C3(RAD-0.1)
Added Component: Designator=C4(RAD-0.1)
Added Component: Designator=D1(LED5-YEL)
Added Component: Designator=D2(LED5-BLUE)
Added Component: Designator=EC1(DIP-EC1.5X4X8)
Added Component: Designator=K1(DIP-6X6X5)
Added Component: Designator=K2(DIP-6X6X5)
Added Component: Designator=K3(DIP-6X6X5)
Added Component: Designator=K4(DIP-6X6X5)
Added Component: Designator=K5(DIP-6X6X5)
Added Component: Designator=K6(DIP-12X12X8)
Added Component: Designator=LED1(Digital_4_time)
Added Component: Designator=LED2(Digital_2)
Added Component: Designator=LED3(Digital_2)
Added Component: Designator=P1(HDR1X3)
Add component (AddParameter): Name = "LatestRevisionDate"; Value = "17-Jul-2002"; VariantName = "[No Variations]"
Add component (AddParameter): Name = "LatestRevisionNote"; Value = "Re-released for DXP Platform."; VariantName = "[No Variations]"
Add component (AddParameter): Name = "Publisher"; Value = "Altium Limited"; VariantName = "[No Variations]"
Added Component: Designator=Q1(SOT-23)
Added Component: Designator=R1(0805R)
Added Component: Designator=R2(0805R)
Added Component: Designator=R3(0805R)
Added Component: Designator=R4(AXIAL0.4)
Added Component: Designator=R5(AXIAL0.4)
Added Component: Designator=RP1(A09R)
Added Component: Designator=RP2(A09R)
Added Component: Designator=RP3(A09R)
Added Component: Designator=S1(KFT DIP-8X8)
Added Component: Designator=U1(DIP40)
Added Component: Designator=U2(SOP20)
Added Component: Designator=U3(DIP8)
Added Component: Designator=U4(LX-LBC3)
Added Component: Designator=X1(OSC HC-49S)
Added Component: Designator=X2(OSC-2x6-WI-A)
